:~/p4-ELTE/trunk/examples$ for i in *.p4; do ~/p4c/build/p4c-bm2-ss $i --p4-14 --pp p4_16_autogenerated/$i; done
checksums.p4(152): warning: -1: negative value with unsigned type
    add_to_field(ipv4.ttl, -1);
                            ^
terminate called after throwing an instance of 'Util::CompilerBug'
  what():  COMPILER BUG: ../frontends/p4/typeChecking/typeChecker.h:100
Field varbit<320> field_9 of struct tuple_0 cannot have type varbit<320>

Aborted (core dumped)
l2_l3-fixed.p4(142): warning: -1: negative value with unsigned type
    add_to_field(ipv4.ttl, -1);
                            ^
l3-lb-simple.p4(57): warning: -1: negative value with unsigned type
    add_to_field(ipv4.ttl, -1);
                            ^
l3_routing-full.p4(82): warning: -1: negative value with unsigned type
    add_to_field(ipv4.ttl, -1);
                            ^
l3_routing-full.p4(84): error: r1.read: Cannot unify bit<8> to bit<32>
    register_read(ipv4.ttl, r1, 0);
    ^^^^^^^^^^^^^^^^^^^^^^^^^^^^^^
l3_routing_test.p4(82): warning: -1: negative value with unsigned type
    add_to_field(ipv4.ttl, -1);
                            ^
includes/p4_l2_parser.p4(43): error: : syntax error, unexpected ';', expecting '[' or '.'
    parser_drop;
               ^
includes/p4_l2_parser.p4(47): error: : syntax error, unexpected ';', expecting '[' or '.'
    parser_drop;
               ^
error: Errors during parsing; aborting compilation
error: 3 errors encountered, aborting compilation
:~/p4-ELTE/trunk/examples$ 

